#
# There is insufficient memory for the Java Runtime Environment to continue.
# Native memory allocation (mmap) failed to map 65011712 bytes for Failed to commit area from 0x00000000c2000000 to 0x00000000c5e00000 of length 65011712.
# Possible reasons:
#   The system is out of physical RAM or swap space
#   The process is running with CompressedOops enabled, and the Java Heap may be blocking the growth of the native heap
# Possible solutions:
#   Reduce memory load on the system
#   Increase physical memory or swap space
#   Check if swap backing store is full
#   Decrease Java heap size (-Xmx/-Xms)
#   Decrease number of Java threads
#   Decrease Java thread stack sizes (-Xss)
#   Set larger code cache with -XX:ReservedCodeCacheSize=
# This output file may be truncated or incomplete.
#
#  Out of Memory Error (t:/workspace/open/src/hotspot/os/windows/os_windows.cpp:3269), pid=13236, tid=17312
#
# JRE version:  (11.0.2+9) (build )
# Java VM: Java HotSpot(TM) 64-Bit Server VM (11.0.2+9-LTS, mixed mode, aot, sharing, tiered, compressed oops, g1 gc, windows-amd64)
# No core dump will be written. Minidumps are not enabled by default on client versions of Windows
#

---------------  S U M M A R Y ------------

Command Line: -Dfile.encoding=Cp1258 Interactive.Test

Host: Intel(R) Core(TM) i5-7200U CPU @ 2.50GHz, 4 cores, 3G,  Windows 10 , 64 bit Build 17763 (10.0.17763.292)
Time: Fri Jan  3 02:51:17 2020 SE Asia Standard Time elapsed time: 0 seconds (0d 0h 0m 0s)

---------------  T H R E A D  ---------------

Current thread (0x000001e6db055000):  JavaThread "Unknown thread" [_thread_in_vm, id=17312, stack(0x000000c7f6a00000,0x000000c7f6b00000)]

Stack: [0x000000c7f6a00000,0x000000c7f6b00000]
Native frames: (J=compiled Java code, j=interpreted, Vv=VM code, C=native code)
V  [jvm.dll+0x63574a]
V  [jvm.dll+0x77326f]
V  [jvm.dll+0x77491a]
V  [jvm.dll+0x774fd3]
V  [jvm.dll+0x25e418]
V  [jvm.dll+0x632c0a]
V  [jvm.dll+0x627645]
V  [jvm.dll+0x314e7c]
V  [jvm.dll+0x314d02]
V  [jvm.dll+0x31a576]
V  [jvm.dll+0x36635f]
V  [jvm.dll+0x365d80]
V  [jvm.dll+0x2f19f8]
V  [jvm.dll+0x2f2b56]
V  [jvm.dll+0x74c817]
V  [jvm.dll+0x74df5f]
V  [jvm.dll+0x373179]
V  [jvm.dll+0x732eb9]
V  [jvm.dll+0x3e295d]
V  [jvm.dll+0x3e4c61]
C  [javaw.exe+0x3617]
C  [javaw.exe+0x17e2c]
C  [KERNEL32.DLL+0x181f4]
C  [ntdll.dll+0x6a251]


---------------  P R O C E S S  ---------------

Threads class SMR info:
_java_thread_list=0x000001e6daf27b10, length=0, elements={
}

Java Threads: ( => current thread )

Other Threads:
  0x000001e6db06c000 GCTaskThread "GC Thread#0" [stack: 0x000000c7f6b00000,0x000000c7f6c00000] [id=13024]
  0x000001e6db086000 ConcurrentGCThread "G1 Main Marker" [stack: 0x000000c7f6c00000,0x000000c7f6d00000] [id=11136]
  0x000001e6db089000 ConcurrentGCThread "G1 Conc#0" [stack: 0x000000c7f6d00000,0x000000c7f6e00000] [id=3236]

[error occurred during error reporting (printing all threads), id 0xc0000005, EXCEPTION_ACCESS_VIOLATION (0xc0000005) at pc=0x00007ffc899f0197]

VM state:not at safepoint (not fully initialized)

VM Mutex/Monitor currently owned by a thread:  ([mutex/lock_event])
[0x000001e6db0525d0] Heap_lock - owner thread: 0x000001e6db055000

Heap address: 0x00000000c2000000, size: 992 MB, Compressed Oops mode: Non-zero based: 0x00000000c2000000
Narrow klass base: 0x0000000000000000, Narrow klass shift: 0

GC Heap History (0 events):
No events

Deoptimization events (0 events):
No events

Classes redefined (0 events):
No events

Internal exceptions (0 events):
No events

Events (0 events):
No events


Dynamic libraries:
0x00007ff6fbe50000 - 0x00007ff6fbe97000 	C:\Program Files\Java\jdk-11.0.2\bin\javaw.exe
0x00007ffcbf0b0000 - 0x00007ffcbf29d000 	C:\Windows\SYSTEM32\ntdll.dll
0x00007ffcbc4c0000 - 0x00007ffcbc573000 	C:\Windows\System32\KERNEL32.DLL
0x00007ffcbb3b0000 - 0x00007ffcbb643000 	C:\Windows\System32\KERNELBASE.dll
0x00007ffcbce00000 - 0x00007ffcbcea3000 	C:\Windows\System32\ADVAPI32.dll
0x00007ffcbda10000 - 0x00007ffcbdaae000 	C:\Windows\System32\msvcrt.dll
0x00007ffcbd970000 - 0x00007ffcbda0e000 	C:\Windows\System32\sechost.dll
0x00007ffcbca90000 - 0x00007ffcbcbb2000 	C:\Windows\System32\RPCRT4.dll
0x00007ffcbd4a0000 - 0x00007ffcbd637000 	C:\Windows\System32\USER32.dll
0x00007ffcbb390000 - 0x00007ffcbb3b0000 	C:\Windows\System32\win32u.dll
0x00007ffcbd8e0000 - 0x00007ffcbd909000 	C:\Windows\System32\GDI32.dll
0x00007ffcbb860000 - 0x00007ffcbb9fa000 	C:\Windows\System32\gdi32full.dll
0x00007ffcbc1c0000 - 0x00007ffcbc260000 	C:\Windows\System32\msvcp_win.dll
0x00007ffcbb700000 - 0x00007ffcbb7fc000 	C:\Windows\System32\ucrtbase.dll
0x00007ffcacc40000 - 0x00007ffcaceb9000 	C:\Windows\WinSxS\amd64_microsoft.windows.common-controls_6595b64144ccf1df_6.0.17763.316_none_05b53be2071f46b6\COMCTL32.dll
0x00007ffcbd170000 - 0x00007ffcbd49d000 	C:\Windows\System32\combase.dll
0x00007ffcad9f0000 - 0x00007ffcad9fa000 	C:\Windows\SYSTEM32\VERSION.dll
0x00007ffcbc260000 - 0x00007ffcbc2de000 	C:\Windows\System32\bcryptPrimitives.dll
0x00007ffcbc580000 - 0x00007ffcbc5ae000 	C:\Windows\System32\IMM32.DLL
0x00007ffca0570000 - 0x00007ffca0586000 	C:\Program Files\Java\jdk-11.0.2\bin\vcruntime140.dll
0x00007ffc95910000 - 0x00007ffc959ba000 	C:\Program Files\Java\jdk-11.0.2\bin\msvcp140.dll
0x00007ffc896f0000 - 0x00007ffc8a217000 	C:\Program Files\Java\jdk-11.0.2\bin\server\jvm.dll
0x00007ffcbd8d0000 - 0x00007ffcbd8d8000 	C:\Windows\System32\PSAPI.DLL
0x00007ffcab880000 - 0x00007ffcab889000 	C:\Windows\SYSTEM32\WSOCK32.dll
0x00007ffcbd100000 - 0x00007ffcbd16d000 	C:\Windows\System32\WS2_32.dll
0x00007ffcb7ed0000 - 0x00007ffcb7ef4000 	C:\Windows\SYSTEM32\WINMM.dll
0x00007ffcb7ea0000 - 0x00007ffcb7ecd000 	C:\Windows\SYSTEM32\winmmbase.dll
0x00007ffcbc170000 - 0x00007ffcbc1ba000 	C:\Windows\System32\cfgmgr32.dll
0x00007ffcbb160000 - 0x00007ffcbb171000 	C:\Windows\System32\kernel.appcore.dll
0x00007ffcb10b0000 - 0x00007ffcb10c1000 	C:\Program Files\Java\jdk-11.0.2\bin\verify.dll
0x00007ffcb9ab0000 - 0x00007ffcb9c9d000 	C:\Windows\SYSTEM32\DBGHELP.DLL
0x00007ffca9600000 - 0x00007ffca962a000 	C:\Windows\SYSTEM32\dbgcore.DLL
0x00007ffca6de0000 - 0x00007ffca6e09000 	C:\Program Files\Java\jdk-11.0.2\bin\java.dll
0x00007ffca6dc0000 - 0x00007ffca6dd6000 	C:\Program Files\Java\jdk-11.0.2\bin\zip.dll
0x00007ffcb6900000 - 0x00007ffcb690a000 	C:\Program Files\Java\jdk-11.0.2\bin\jimage.dll

dbghelp: loaded successfully - version: 4.0.5 - missing functions: none
symbol engine: initialized successfully - sym options: 0x614 - pdb path: .;C:\Program Files\Java\jdk-11.0.2\bin;C:\Windows\SYSTEM32;C:\Windows\WinSxS\amd64_microsoft.windows.common-controls_6595b64144ccf1df_6.0.17763.316_none_05b53be2071f46b6;C:\Program Files\Java\jdk-11.0.2\bin\server

VM Arguments:
jvm_args: -Dfile.encoding=Cp1258 
java_command: Interactive.Test
java_class_path (initial): C:\Users\DANG\Desktop\LastOOP1\StudentManager\target\classes;C:\Users\DANG\Desktop\LastOOP1\StudentManager\jgoodies-common-1.8.0.jar;C:\Users\DANG\Desktop\LastOOP1\StudentManager\jgoodies-forms-1.8.0.jar;C:\Users\DANG\.m2\repository\org\hibernate\hibernate-core\4.3.6.Final\hibernate-core-4.3.6.Final.jar;C:\Users\DANG\.m2\repository\org\jboss\logging\jboss-logging\3.1.3.GA\jboss-logging-3.1.3.GA.jar;C:\Users\DANG\.m2\repository\org\jboss\logging\jboss-logging-annotations\1.2.0.Beta1\jboss-logging-annotations-1.2.0.Beta1.jar;C:\Users\DANG\.m2\repository\org\jboss\spec\javax\transaction\jboss-transaction-api_1.2_spec\1.0.0.Final\jboss-transaction-api_1.2_spec-1.0.0.Final.jar;C:\Users\DANG\.m2\repository\dom4j\dom4j\1.6.1\dom4j-1.6.1.jar;C:\Users\DANG\.m2\repository\xml-apis\xml-apis\1.0.b2\xml-apis-1.0.b2.jar;C:\Users\DANG\.m2\repository\org\hibernate\common\hibernate-commons-annotations\4.0.5.Final\hibernate-commons-annotations-4.0.5.Final.jar;C:\Users\DANG\.m2\repository\org\hibernate\javax\persistence\hibernate-jpa-2.1-api\1.0.0.Final\hibernate-jpa-2.1-api-1.0.0.Final.jar;C:\Users\DANG\.m2\repository\org\javassist\javassist\3.18.1-GA\javassist-3.18.1-GA.jar;C:\Users\DANG\.m2\repository\antlr\antlr\2.7.7\antlr-2.7.7.jar;C:\Users\DANG\.m2\repository\org\jboss\jandex\1.1.0.Final\jandex-1.1.0.Final.jar;C:\Users\DANG\.m2\repository\mysql\mysql-connector-java\5.1.21\mysql-connector-java-5.1.21.jar
Launcher Type: SUN_STANDARD

[Global flags]
     intx CICompilerCount                          = 3                                         {product} {ergonomic}
     uint ConcGCThreads                            = 1                                         {product} {ergonomic}
     uint G1ConcRefinementThreads                  = 4                                         {product} {ergonomic}
   size_t G1HeapRegionSize                         = 1048576                                   {product} {ergonomic}
    uintx GCDrainStackTargetSize                   = 64                                        {product} {ergonomic}
   size_t InitialHeapSize                          = 65011712                                  {product} {ergonomic}
   size_t MarkStackSize                            = 4194304                                   {product} {ergonomic}
   size_t MaxHeapSize                              = 1040187392                                {product} {ergonomic}
   size_t MinHeapDeltaBytes                        = 1048576                                   {product} {ergonomic}
    uintx NonNMethodCodeHeapSize                   = 5830092                                {pd product} {ergonomic}
    uintx NonProfiledCodeHeapSize                  = 122914074                              {pd product} {ergonomic}
    uintx ProfiledCodeHeapSize                     = 122914074                              {pd product} {ergonomic}
    uintx ReservedCodeCacheSize                    = 251658240                              {pd product} {ergonomic}
     bool SegmentedCodeCache                       = true                                      {product} {ergonomic}
     bool UseCompressedClassPointers               = true                                 {lp64_product} {ergonomic}
     bool UseCompressedOops                        = true                                 {lp64_product} {ergonomic}
     bool UseG1GC                                  = true                                      {product} {ergonomic}
     bool UseLargePagesIndividualAllocation        = false                                  {pd product} {ergonomic}

Logging:
Log output configuration:
 #0: stdout all=warning uptime,level,tags
 #1: stderr all=off uptime,level,tags

Environment Variables:
JAVA_HOME=C:\Program Files\Java\jdk-11.0.2
PATH=C:/Program Files/Java/jdk-11.0.2/bin/server;C:/Program Files/Java/jdk-11.0.2/bin;"C:\Program Files\Java\jdk-11.0.2\bin;C:\Program Files\Java\jdk-11.0.2\bin\java.exe";E:\Git\cmd;C:\Users\DANG\AppData\Local\Programs\Python\Python37-32\Scripts\;C:\Users\DANG\AppData\Local\Programs\Python\Python37-32\;C:\Users\DANG\AppData\Local\Microsoft\WindowsApps;C:\Program Files\Intel\WiFi\bin\;C:\Program Files\Common Files\Intel\WirelessCommon\;C:\Program Files\Java\jdk-11.0.2\bin;;C:\Users\DANG\AppData\Local\Programs\Microsoft VS Code\bin;D:\Giao trinh + Bai tap\eclipse;
USERNAME=DANG
OS=Windows_NT
PROCESSOR_IDENTIFIER=Intel64 Family 6 Model 142 Stepping 9, GenuineIntel



---------------  S Y S T E M  ---------------

OS: Windows 10 , 64 bit Build 17763 (10.0.17763.292)

CPU:total 4 (initial active 4) (2 cores per cpu, 2 threads per core) family 6 model 142 stepping 9, cmov, cx8, fxsr, mmx, sse, sse2, sse3, ssse3, sse4.1, sse4.2, popcnt, avx, avx2, aes, clmul, erms, 3dnowpref, lzcnt, ht, tsc, tscinvbit, bmi1, bmi2, adx, fma

Memory: 4k page, system-wide physical 3960M (414M free)
TotalPageFile size 16248M (AvailPageFile size 54M)
current process WorkingSet (physical memory assigned to process): 9M, peak: 9M
current process commit charge ("private bytes"): 51M, peak: 113M

vm_info: Java HotSpot(TM) 64-Bit Server VM (11.0.2+9-LTS) for windows-amd64 JRE (11.0.2+9-LTS), built on Jan 18 2019 05:24:10 by "mach5one" with MS VC++ 15.5 (VS2017)

END.
